<?xml version="1.0" encoding="UTF-8"?>
<!-- Generated by org.testng.reporters.JUnitReportReporter -->
<testsuite hostname="DESKTOP-P3GFGE6" failures="0" tests="4" name="TestNG.DemoTest" time="106.076" errors="0" timestamp="2024-04-17T15:54:27 IST" skipped="0">
  <testcase classname="TestNG.DemoTest" name="createProduct" time="23.334"/>
  <system-out>
    <![CDATA[Execution starts form here
createProduct----->Executed successfully]]>
  </system-out>
  <testcase classname="TestNG.DemoTest" name="createUserAcc" time="29.738"/>
  <system-out>
    <![CDATA[Execution starts form here
createUserAcc----->Executed successfully]]>
  </system-out>
  <testcase classname="TestNG.DemoTest" name="createUserAcc" time="29.612"/>
  <system-out>
    <![CDATA[Execution starts form here
createUserAcc----->Executed successfully]]>
  </system-out>
  <testcase classname="TestNG.DemoTest" name="createProduct" time="23.392"/>
  <system-out>
    <![CDATA[Execution starts form here
createProduct----->Executed successfully]]>
  </system-out>
</testsuite> <!-- TestNG.DemoTest -->
