<?xml version="1.0" encoding="UTF-8"?>
<!-- Generated by org.testng.reporters.JUnitReportReporter -->
<testsuite hostname="DESKTOP-P3GFGE6" failures="0" tests="1" name="com.Automation_Admin_Fiducia.Create_product_Fiducia_test1" time="12.373" errors="0" timestamp="2024-04-04T17:36:48 IST" skipped="0">
  <testcase classname="com.Automation_Admin_Fiducia.Create_product_Fiducia_test1" name="create_product" time="12.373"/>
  <system-out/>
</testsuite> <!-- com.Automation_Admin_Fiducia.Create_product_Fiducia_test1 -->
