<?xml version="1.0" encoding="UTF-8"?>
<!-- Generated by org.testng.reporters.JUnitReportReporter -->
<testsuite hostname="DESKTOP-P3GFGE6" failures="0" tests="1" name="Automationscripts_fiducia.Create_product_Fiducia" time="9.387" errors="0" timestamp="2024-03-29T13:15:12 IST" skipped="0">
  <testcase classname="Automationscripts_fiducia.Create_product_Fiducia" name="create_product" time="9.387"/>
  <system-out/>
</testsuite> <!-- Automationscripts_fiducia.Create_product_Fiducia -->
