<?xml version="1.0" encoding="UTF-8"?>
<!-- Generated by org.testng.reporters.JUnitReportReporter -->
<testsuite hostname="DESKTOP-P3GFGE6" failures="0" tests="1" name="com.Automationscripts_Fiducia.Update_quantity_inventory_test" time="13.967" errors="0" timestamp="2024-04-05T10:20:18 IST" skipped="0">
  <testcase classname="com.Automationscripts_Fiducia.Update_quantity_inventory_test" name="Admin_billing" time="13.967"/>
  <system-out/>
</testsuite> <!-- com.Automationscripts_Fiducia.Update_quantity_inventory_test -->
