<?xml version="1.0" encoding="UTF-8"?>
<!-- Generated by org.testng.reporters.JUnitReportReporter -->
<testsuite hostname="DESKTOP-P3GFGE6" failures="0" tests="1" name="Automationscripts_fiducia.Generate_bill_user_test" time="18.712" errors="0" timestamp="2024-03-30T12:14:46 IST" skipped="0">
  <testcase classname="Automationscripts_fiducia.Generate_bill_user_test" name="Admin_billing" time="18.712"/>
  <system-out/>
</testsuite> <!-- Automationscripts_fiducia.Generate_bill_user_test -->
