<?xml version="1.0" encoding="UTF-8"?>
<!-- Generated by org.testng.reporters.JUnitReportReporter -->
<testsuite hostname="DESKTOP-P3GFGE6" failures="0" tests="3" name="DataProviderConcept.LoginUsingDataProvider" time="0.011" errors="0" timestamp="2024-04-08T11:24:12 IST" skipped="0">
  <testcase classname="DataProviderConcept.LoginUsingDataProvider" name="dataProvider1" time="0.002"/>
  <system-out/>
  <testcase classname="DataProviderConcept.LoginUsingDataProvider" name="dataProvider1" time="0.002"/>
  <system-out/>
  <testcase classname="DataProviderConcept.LoginUsingDataProvider" name="dataProvider1" time="0.007"/>
  <system-out/>
</testsuite> <!-- DataProviderConcept.LoginUsingDataProvider -->
