<?xml version="1.0" encoding="UTF-8"?>
<!-- Generated by org.testng.reporters.JUnitReportReporter -->
<testsuite hostname="DESKTOP-P3GFGE6" failures="0" tests="1" name="Automationscripts_fiducia.Generate_bill_admin_fiducia_test" time="22.367" errors="0" timestamp="2024-03-30T11:28:15 IST" skipped="0">
  <testcase classname="Automationscripts_fiducia.Generate_bill_admin_fiducia_test" name="Admin_billing" time="22.367"/>
  <system-out/>
</testsuite> <!-- Automationscripts_fiducia.Generate_bill_admin_fiducia_test -->
