<?xml version="1.0" encoding="UTF-8"?>
<!-- Generated by org.testng.reporters.JUnitReportReporter -->
<testsuite hostname="DESKTOP-P3GFGE6" failures="0" tests="1" name="Automationscripts_fiducia.Update_quantity_inventory_test" time="17.689" errors="0" timestamp="2024-03-30T14:49:45 IST" skipped="0">
  <testcase classname="Automationscripts_fiducia.Update_quantity_inventory_test" name="Admin_billing" time="17.689"/>
  <system-out/>
</testsuite> <!-- Automationscripts_fiducia.Update_quantity_inventory_test -->
