<?xml version="1.0" encoding="UTF-8"?>
<!-- Generated by org.testng.reporters.JUnitReportReporter -->
<testsuite hostname="DESKTOP-P3GFGE6" failures="0" tests="1" name="com.Automationscripts_Fiducia.Generate_bill_admin_fiducia_test" time="16.950" errors="0" timestamp="2024-04-05T11:09:02 IST" skipped="0">
  <testcase classname="com.Automationscripts_Fiducia.Generate_bill_admin_fiducia_test" name="Admin_billing" time="16.950"/>
  <system-out/>
</testsuite> <!-- com.Automationscripts_Fiducia.Generate_bill_admin_fiducia_test -->
