<?xml version="1.0" encoding="UTF-8"?>
<!-- Generated by org.testng.reporters.JUnitReportReporter -->
<testsuite hostname="DESKTOP-P3GFGE6" failures="0" tests="1" name="com.Automation_User_Fiducia.Generate_Bill_User_Fiducia_Test" time="19.910" errors="0" timestamp="2024-04-01T13:31:59 IST" skipped="0">
  <testcase classname="com.Automation_User_Fiducia.Generate_Bill_User_Fiducia_Test" name="Admin_billing" time="19.910"/>
  <system-out/>
</testsuite> <!-- com.Automation_User_Fiducia.Generate_Bill_User_Fiducia_Test -->
