<?xml version="1.0" encoding="UTF-8"?>
<!-- Generated by org.testng.reporters.JUnitReportReporter -->
<testsuite hostname="DESKTOP-P3GFGE6" failures="0" tests="2" name="Annotation.AnnotationTest" time="0.012" errors="0" timestamp="2024-04-08T13:28:50 IST" skipped="0">
  <testcase classname="Annotation.AnnotationTest" name="main6" time="0.004"/>
  <system-out/>
  <testcase classname="Annotation.AnnotationTest" name="main1" time="0.008"/>
  <system-out/>
</testsuite> <!-- Annotation.AnnotationTest -->
