<?xml version="1.0" encoding="UTF-8"?>
<!-- Generated by org.testng.reporters.JUnitReportReporter -->
<testsuite hostname="DESKTOP-P3GFGE6" failures="0" tests="1" name="Annotation.Close7thWindow" time="46.668" errors="0" timestamp="2024-04-10T09:55:24 IST" skipped="0">
  <testcase classname="Annotation.Close7thWindow" name="checkDemo" time="46.668"/>
  <system-out/>
</testsuite> <!-- Annotation.Close7thWindow -->
