<?xml version="1.0" encoding="UTF-8"?>
<!-- Generated by org.testng.reporters.JUnitReportReporter -->
<testsuite hostname="DESKTOP-P3GFGE6" failures="0" tests="1" name="Automationscripts_fiducia.Create_user_account_test" time="25.927" errors="0" timestamp="2024-03-30T17:23:14 IST" skipped="0">
  <testcase classname="Automationscripts_fiducia.Create_user_account_test" name="Admin_billing" time="25.927"/>
  <system-out/>
</testsuite> <!-- Automationscripts_fiducia.Create_user_account_test -->
