<?xml version="1.0" encoding="UTF-8"?>
<!-- Generated by org.testng.reporters.JUnitReportReporter -->
<testsuite hostname="DESKTOP-P3GFGE6" failures="0" tests="1" name="Annotation.AssignmentMultiTabs" time="2.601" errors="0" timestamp="2024-04-10T02:57:37 IST" skipped="0">
  <testcase classname="Annotation.AssignmentMultiTabs" name="openingWindowstabs" time="2.601"/>
  <system-out/>
</testsuite> <!-- Annotation.AssignmentMultiTabs -->
